# Logfile created on 2014-01-22 16:28:30 -0600 by logger.rb/36483
I, [2014-01-22T16:28:30.159746 #20099]  INFO -- : 0:  diff-lcs (1.2.5) from /Users/hyunahkelly/.rbenv/versions/2.0.0-p195/lib/ruby/gems/2.0.0/specifications/diff-lcs-1.2.5.gemspec
I, [2014-01-22T16:28:30.160245 #20099]  INFO -- : 0:  rspec-core (2.14.7) from /Users/hyunahkelly/.rbenv/versions/2.0.0-p195/lib/ruby/gems/2.0.0/specifications/rspec-core-2.14.7.gemspec
I, [2014-01-22T16:28:30.160685 #20099]  INFO -- : 0:  rspec-expectations (2.14.4) from /Users/hyunahkelly/.rbenv/versions/2.0.0-p195/lib/ruby/gems/2.0.0/specifications/rspec-expectations-2.14.4.gemspec
I, [2014-01-22T16:28:30.161016 #20099]  INFO -- : 0:  rspec-mocks (2.14.4) from /Users/hyunahkelly/.rbenv/versions/2.0.0-p195/lib/ruby/gems/2.0.0/specifications/rspec-mocks-2.14.4.gemspec
I, [2014-01-22T16:28:30.161330 #20099]  INFO -- : 0:  rspec (2.14.1) from /Users/hyunahkelly/.rbenv/versions/2.0.0-p195/lib/ruby/gems/2.0.0/specifications/rspec-2.14.1.gemspec
I, [2014-01-22T16:28:30.161613 #20099]  INFO -- : 0:  bundler (1.5.0) from /Users/hyunahkelly/.rbenv/versions/2.0.0-p195/lib/ruby/gems/2.0.0/specifications/bundler-1.5.0.gemspec
I, [2014-01-22T16:28:42.036791 #20119]  INFO -- : 0:  diff-lcs (1.2.5) from /Users/hyunahkelly/.rbenv/versions/2.0.0-p195/lib/ruby/gems/2.0.0/specifications/diff-lcs-1.2.5.gemspec
I, [2014-01-22T16:28:42.037380 #20119]  INFO -- : 0:  rspec-core (2.14.7) from /Users/hyunahkelly/.rbenv/versions/2.0.0-p195/lib/ruby/gems/2.0.0/specifications/rspec-core-2.14.7.gemspec
I, [2014-01-22T16:28:42.037789 #20119]  INFO -- : 0:  rspec-expectations (2.14.4) from /Users/hyunahkelly/.rbenv/versions/2.0.0-p195/lib/ruby/gems/2.0.0/specifications/rspec-expectations-2.14.4.gemspec
I, [2014-01-22T16:28:42.038148 #20119]  INFO -- : 0:  rspec-mocks (2.14.4) from /Users/hyunahkelly/.rbenv/versions/2.0.0-p195/lib/ruby/gems/2.0.0/specifications/rspec-mocks-2.14.4.gemspec
I, [2014-01-22T16:28:42.038489 #20119]  INFO -- : 0:  rspec (2.14.1) from /Users/hyunahkelly/.rbenv/versions/2.0.0-p195/lib/ruby/gems/2.0.0/specifications/rspec-2.14.1.gemspec
I, [2014-01-22T16:28:42.038804 #20119]  INFO -- : 0:  bundler (1.5.0) from /Users/hyunahkelly/.rbenv/versions/2.0.0-p195/lib/ruby/gems/2.0.0/specifications/bundler-1.5.0.gemspec
I, [2014-01-22T16:28:51.032964 #20139]  INFO -- : 0:  diff-lcs (1.2.5) from /Users/hyunahkelly/.rbenv/versions/2.0.0-p195/lib/ruby/gems/2.0.0/specifications/diff-lcs-1.2.5.gemspec
I, [2014-01-22T16:28:51.033423 #20139]  INFO -- : 0:  rspec-core (2.14.7) from /Users/hyunahkelly/.rbenv/versions/2.0.0-p195/lib/ruby/gems/2.0.0/specifications/rspec-core-2.14.7.gemspec
I, [2014-01-22T16:28:51.033765 #20139]  INFO -- : 0:  rspec-expectations (2.14.4) from /Users/hyunahkelly/.rbenv/versions/2.0.0-p195/lib/ruby/gems/2.0.0/specifications/rspec-expectations-2.14.4.gemspec
I, [2014-01-22T16:28:51.034107 #20139]  INFO -- : 0:  rspec-mocks (2.14.4) from /Users/hyunahkelly/.rbenv/versions/2.0.0-p195/lib/ruby/gems/2.0.0/specifications/rspec-mocks-2.14.4.gemspec
I, [2014-01-22T16:28:51.034567 #20139]  INFO -- : 0:  rspec (2.14.1) from /Users/hyunahkelly/.rbenv/versions/2.0.0-p195/lib/ruby/gems/2.0.0/specifications/rspec-2.14.1.gemspec
I, [2014-01-22T16:28:51.034989 #20139]  INFO -- : 0:  bundler (1.5.0) from /Users/hyunahkelly/.rbenv/versions/2.0.0-p195/lib/ruby/gems/2.0.0/specifications/bundler-1.5.0.gemspec
I, [2014-01-22T16:32:45.571296 #20185]  INFO -- : 0:  diff-lcs (1.2.5) from /Users/hyunahkelly/.rbenv/versions/2.0.0-p195/lib/ruby/gems/2.0.0/specifications/diff-lcs-1.2.5.gemspec
I, [2014-01-22T16:32:45.571850 #20185]  INFO -- : 0:  rspec-core (2.14.7) from /Users/hyunahkelly/.rbenv/versions/2.0.0-p195/lib/ruby/gems/2.0.0/specifications/rspec-core-2.14.7.gemspec
I, [2014-01-22T16:32:45.572235 #20185]  INFO -- : 0:  rspec-expectations (2.14.4) from /Users/hyunahkelly/.rbenv/versions/2.0.0-p195/lib/ruby/gems/2.0.0/specifications/rspec-expectations-2.14.4.gemspec
I, [2014-01-22T16:32:45.572599 #20185]  INFO -- : 0:  rspec-mocks (2.14.4) from /Users/hyunahkelly/.rbenv/versions/2.0.0-p195/lib/ruby/gems/2.0.0/specifications/rspec-mocks-2.14.4.gemspec
I, [2014-01-22T16:32:45.572966 #20185]  INFO -- : 0:  rspec (2.14.1) from /Users/hyunahkelly/.rbenv/versions/2.0.0-p195/lib/ruby/gems/2.0.0/specifications/rspec-2.14.1.gemspec
I, [2014-01-22T16:32:45.573276 #20185]  INFO -- : 0:  bundler (1.5.0) from /Users/hyunahkelly/.rbenv/versions/2.0.0-p195/lib/ruby/gems/2.0.0/specifications/bundler-1.5.0.gemspec
I, [2014-01-22T16:39:30.417911 #20247]  INFO -- : 0:  diff-lcs (1.2.5) from /Users/hyunahkelly/.rbenv/versions/2.0.0-p195/lib/ruby/gems/2.0.0/specifications/diff-lcs-1.2.5.gemspec
I, [2014-01-22T16:39:30.418392 #20247]  INFO -- : 0:  rspec-core (2.14.7) from /Users/hyunahkelly/.rbenv/versions/2.0.0-p195/lib/ruby/gems/2.0.0/specifications/rspec-core-2.14.7.gemspec
I, [2014-01-22T16:39:30.418733 #20247]  INFO -- : 0:  rspec-expectations (2.14.4) from /Users/hyunahkelly/.rbenv/versions/2.0.0-p195/lib/ruby/gems/2.0.0/specifications/rspec-expectations-2.14.4.gemspec
I, [2014-01-22T16:39:30.419065 #20247]  INFO -- : 0:  rspec-mocks (2.14.4) from /Users/hyunahkelly/.rbenv/versions/2.0.0-p195/lib/ruby/gems/2.0.0/specifications/rspec-mocks-2.14.4.gemspec
I, [2014-01-22T16:39:30.419446 #20247]  INFO -- : 0:  rspec (2.14.1) from /Users/hyunahkelly/.rbenv/versions/2.0.0-p195/lib/ruby/gems/2.0.0/specifications/rspec-2.14.1.gemspec
I, [2014-01-22T16:39:30.419739 #20247]  INFO -- : 0:  bundler (1.5.0) from /Users/hyunahkelly/.rbenv/versions/2.0.0-p195/lib/ruby/gems/2.0.0/specifications/bundler-1.5.0.gemspec
I, [2014-01-22T16:39:50.263477 #20267]  INFO -- : 0:  diff-lcs (1.2.5) from /Users/hyunahkelly/.rbenv/versions/2.0.0-p195/lib/ruby/gems/2.0.0/specifications/diff-lcs-1.2.5.gemspec
I, [2014-01-22T16:39:50.263901 #20267]  INFO -- : 0:  rspec-core (2.14.7) from /Users/hyunahkelly/.rbenv/versions/2.0.0-p195/lib/ruby/gems/2.0.0/specifications/rspec-core-2.14.7.gemspec
I, [2014-01-22T16:39:50.264198 #20267]  INFO -- : 0:  rspec-expectations (2.14.4) from /Users/hyunahkelly/.rbenv/versions/2.0.0-p195/lib/ruby/gems/2.0.0/specifications/rspec-expectations-2.14.4.gemspec
I, [2014-01-22T16:39:50.264480 #20267]  INFO -- : 0:  rspec-mocks (2.14.4) from /Users/hyunahkelly/.rbenv/versions/2.0.0-p195/lib/ruby/gems/2.0.0/specifications/rspec-mocks-2.14.4.gemspec
I, [2014-01-22T16:39:50.264744 #20267]  INFO -- : 0:  rspec (2.14.1) from /Users/hyunahkelly/.rbenv/versions/2.0.0-p195/lib/ruby/gems/2.0.0/specifications/rspec-2.14.1.gemspec
I, [2014-01-22T16:39:50.264995 #20267]  INFO -- : 0:  bundler (1.5.0) from /Users/hyunahkelly/.rbenv/versions/2.0.0-p195/lib/ruby/gems/2.0.0/specifications/bundler-1.5.0.gemspec
I, [2014-01-22T16:40:24.583673 #20287]  INFO -- : 0:  diff-lcs (1.2.5) from /Users/hyunahkelly/.rbenv/versions/2.0.0-p195/lib/ruby/gems/2.0.0/specifications/diff-lcs-1.2.5.gemspec
I, [2014-01-22T16:40:24.584105 #20287]  INFO -- : 0:  rspec-core (2.14.7) from /Users/hyunahkelly/.rbenv/versions/2.0.0-p195/lib/ruby/gems/2.0.0/specifications/rspec-core-2.14.7.gemspec
I, [2014-01-22T16:40:24.584444 #20287]  INFO -- : 0:  rspec-expectations (2.14.4) from /Users/hyunahkelly/.rbenv/versions/2.0.0-p195/lib/ruby/gems/2.0.0/specifications/rspec-expectations-2.14.4.gemspec
I, [2014-01-22T16:40:24.584746 #20287]  INFO -- : 0:  rspec-mocks (2.14.4) from /Users/hyunahkelly/.rbenv/versions/2.0.0-p195/lib/ruby/gems/2.0.0/specifications/rspec-mocks-2.14.4.gemspec
I, [2014-01-22T16:40:24.585047 #20287]  INFO -- : 0:  rspec (2.14.1) from /Users/hyunahkelly/.rbenv/versions/2.0.0-p195/lib/ruby/gems/2.0.0/specifications/rspec-2.14.1.gemspec
I, [2014-01-22T16:40:24.585327 #20287]  INFO -- : 0:  bundler (1.5.0) from /Users/hyunahkelly/.rbenv/versions/2.0.0-p195/lib/ruby/gems/2.0.0/specifications/bundler-1.5.0.gemspec
